#
# There is insufficient memory for the Java Runtime Environment to continue.
# Native memory allocation (malloc) failed to allocate 1051056 bytes for Chunk::new
# Possible reasons:
#   The system is out of physical RAM or swap space
#   The process is running with CompressedOops enabled, and the Java Heap may be blocking the growth of the native heap
# Possible solutions:
#   Reduce memory load on the system
#   Increase physical memory or swap space
#   Check if swap backing store is full
#   Decrease Java heap size (-Xmx/-Xms)
#   Decrease number of Java threads
#   Decrease Java thread stack sizes (-Xss)
#   Set larger code cache with -XX:ReservedCodeCacheSize=
#   JVM is running with Unscaled Compressed Oops mode in which the Java heap is
#     placed in the first 4GB address space. The Java Heap base address is the
#     maximum limit for the native heap growth. Please use -XX:HeapBaseMinAddress
#     to set the Java Heap base and to place the Java Heap above 4GB virtual address.
# This output file may be truncated or incomplete.
#
#  Out of Memory Error (./src/hotspot/share/memory/arena.cpp:197), pid=33900, tid=85716
#
# JRE version: OpenJDK Runtime Environment (11.0.12+7) (build 11.0.12+7-b1504.28-7817840)
# Java VM: OpenJDK 64-Bit Server VM (11.0.12+7-b1504.28-7817840, mixed mode, tiered, compressed oops, g1 gc, windows-amd64)
# No core dump will be written. Minidumps are not enabled by default on client versions of Windows
#

---------------  S U M M A R Y ------------

Command Line: --add-opens=java.base/java.util=ALL-UNNAMED --add-opens=java.base/java.lang=ALL-UNNAMED --add-opens=java.base/java.lang.invoke=ALL-UNNAMED --add-opens=java.base/java.util=ALL-UNNAMED --add-opens=java.prefs/java.util.prefs=ALL-UNNAMED --add-opens=java.prefs/java.util.prefs=ALL-UNNAMED --add-opens=java.base/java.nio.charset=ALL-UNNAMED --add-opens=java.base/java.net=ALL-UNNAMED --add-opens=java.base/java.util.concurrent.atomic=ALL-UNNAMED -Xmx2048m -Dfile.encoding=UTF-8 -Duser.country=RU -Duser.language=ru -Duser.variant org.gradle.launcher.daemon.bootstrap.GradleDaemon 7.3.3

Host: Intel(R) Core(TM) i7-2670QM CPU @ 2.20GHz, 8 cores, 15G,  Windows 10 , 64 bit Build 19041 (10.0.19041.2546)
Time: Sun Feb 26 20:28:06 2023 Восточная Африка (зима) elapsed time: 8.788149 seconds (0d 0h 0m 8s)

---------------  T H R E A D  ---------------

Current thread (0x000001f3b3e4a000):  JavaThread "C2 CompilerThread1" daemon [_thread_in_native, id=85716, stack(0x0000000682d00000,0x0000000682e00000)]


Current CompileTask:
C2:   8788 2155   !   4       java.net.URLClassLoader$1::run (63 bytes)

Stack: [0x0000000682d00000,0x0000000682e00000]
Native frames: (J=compiled Java code, j=interpreted, Vv=VM code, C=native code)
V  [jvm.dll+0x5fbcea]
V  [jvm.dll+0x731905]
V  [jvm.dll+0x732f1d]
V  [jvm.dll+0x7335d3]
V  [jvm.dll+0x247bf8]
V  [jvm.dll+0xc018c]
V  [jvm.dll+0xc06cc]
V  [jvm.dll+0x2bcc04]
V  [jvm.dll+0x5113a8]
V  [jvm.dll+0x208303]
V  [jvm.dll+0x201fe0]
V  [jvm.dll+0x1ff71f]
V  [jvm.dll+0x18868c]
V  [jvm.dll+0x20e0d7]
V  [jvm.dll+0x20c901]
V  [jvm.dll+0x6f9b7f]
V  [jvm.dll+0x6f26a5]
V  [jvm.dll+0x5fabf6]
C  [ucrtbase.dll+0x21bb2]
C  [KERNEL32.DLL+0x17614]
C  [ntdll.dll+0x526a1]


---------------  P R O C E S S  ---------------

Threads class SMR info:
_java_thread_list=0x000001f3b5e90520, length=25, elements={
0x000001f398b30000, 0x000001f3b382a000, 0x000001f3b3836000, 0x000001f3b3854000,
0x000001f3b3855000, 0x000001f3b3856800, 0x000001f3b385a800, 0x000001f3b38a2000,
0x000001f3b38a7000, 0x000001f3b3a19000, 0x000001f3b58e8800, 0x000001f3b58eb000,
0x000001f3b58ea000, 0x000001f3b58ec800, 0x000001f3b58eb800, 0x000001f3b58ed000,
0x000001f3b58ee000, 0x000001f3b58ef000, 0x000001f3b58e9000, 0x000001f3b3e47800,
0x000001f3b3e49000, 0x000001f3b3e4b800, 0x000001f3b3e4c800, 0x000001f3b3e48800,
0x000001f3b3e4a000
}

Java Threads: ( => current thread )
  0x000001f398b30000 JavaThread "main" [_thread_blocked, id=29180, stack(0x0000000680600000,0x0000000680700000)]
  0x000001f3b382a000 JavaThread "Reference Handler" daemon [_thread_blocked, id=83264, stack(0x0000000680d00000,0x0000000680e00000)]
  0x000001f3b3836000 JavaThread "Finalizer" daemon [_thread_blocked, id=75136, stack(0x0000000680e00000,0x0000000680f00000)]
  0x000001f3b3854000 JavaThread "Signal Dispatcher" daemon [_thread_blocked, id=88716, stack(0x0000000680f00000,0x0000000681000000)]
  0x000001f3b3855000 JavaThread "Attach Listener" daemon [_thread_blocked, id=86440, stack(0x0000000681000000,0x0000000681100000)]
  0x000001f3b3856800 JavaThread "Service Thread" daemon [_thread_blocked, id=84400, stack(0x0000000681100000,0x0000000681200000)]
  0x000001f3b385a800 JavaThread "C2 CompilerThread0" daemon [_thread_in_native, id=86932, stack(0x0000000681200000,0x0000000681300000)]
  0x000001f3b38a2000 JavaThread "C1 CompilerThread0" daemon [_thread_blocked, id=88848, stack(0x0000000681300000,0x0000000681400000)]
  0x000001f3b38a7000 JavaThread "Sweeper thread" daemon [_thread_blocked, id=86300, stack(0x0000000681400000,0x0000000681500000)]
  0x000001f3b3a19000 JavaThread "Common-Cleaner" daemon [_thread_blocked, id=620, stack(0x0000000681500000,0x0000000681600000)]
  0x000001f3b58e8800 JavaThread "Daemon health stats" [_thread_blocked, id=244, stack(0x0000000681800000,0x0000000681900000)]
  0x000001f3b58eb000 JavaThread "Incoming local TCP Connector on port 63052" [_thread_in_native, id=38192, stack(0x0000000681700000,0x0000000681800000)]
  0x000001f3b58ea000 JavaThread "Daemon periodic checks" [_thread_blocked, id=88516, stack(0x0000000681e00000,0x0000000681f00000)]
  0x000001f3b58ec800 JavaThread "Daemon" [_thread_blocked, id=34248, stack(0x0000000681f00000,0x0000000682000000)]
  0x000001f3b58eb800 JavaThread "Handler for socket connection from /127.0.0.1:63052 to /127.0.0.1:63053" [_thread_in_native, id=74228, stack(0x0000000682000000,0x0000000682100000)]
  0x000001f3b58ed000 JavaThread "Cancel handler" [_thread_blocked, id=15976, stack(0x0000000682100000,0x0000000682200000)]
  0x000001f3b58ee000 JavaThread "Daemon worker" [_thread_in_vm, id=89024, stack(0x0000000682200000,0x0000000682300000)]
  0x000001f3b58ef000 JavaThread "Asynchronous log dispatcher for DefaultDaemonConnection: socket connection from /127.0.0.1:63052 to /127.0.0.1:63053" [_thread_blocked, id=85960, stack(0x0000000682300000,0x0000000682400000)]
  0x000001f3b58e9000 JavaThread "Stdin handler" [_thread_blocked, id=81968, stack(0x0000000682400000,0x0000000682500000)]
  0x000001f3b3e47800 JavaThread "Daemon client event forwarder" [_thread_blocked, id=82064, stack(0x0000000682500000,0x0000000682600000)]
  0x000001f3b3e49000 JavaThread "Cache worker for journal cache (C:\Users\Admin\.gradle\caches\journal-1)" [_thread_blocked, id=86592, stack(0x0000000682600000,0x0000000682700000)]
  0x000001f3b3e4b800 JavaThread "File lock request listener" [_thread_in_native, id=74024, stack(0x0000000682700000,0x0000000682800000)]
  0x000001f3b3e4c800 JavaThread "Cache worker for file hash cache (C:\Users\Admin\.gradle\caches\7.3.3\fileHashes)" [_thread_blocked, id=15632, stack(0x0000000682800000,0x0000000682900000)]
  0x000001f3b3e48800 JavaThread "Cache worker for file hash cache (C:\Users\Admin\AndroidStudioProjects\MyApplication3\.gradle\7.3.3\fileHashes)" [_thread_blocked, id=27772, stack(0x0000000682c00000,0x0000000682d00000)]
=>0x000001f3b3e4a000 JavaThread "C2 CompilerThread1" daemon [_thread_in_native, id=85716, stack(0x0000000682d00000,0x0000000682e00000)]

Other Threads:
  0x000001f3b2ffe800 VMThread "VM Thread" [stack: 0x0000000680c00000,0x0000000680d00000] [id=86000]
  0x000001f3b3a3c000 WatcherThread [stack: 0x0000000681600000,0x0000000681700000] [id=88572]
  0x000001f398b46800 GCTaskThread "GC Thread#0" [stack: 0x0000000680700000,0x0000000680800000] [id=88300]
  0x000001f3b4a64800 GCTaskThread "GC Thread#1" [stack: 0x0000000681900000,0x0000000681a00000] [id=56528]
  0x000001f3b4716800 GCTaskThread "GC Thread#2" [stack: 0x0000000681a00000,0x0000000681b00000] [id=86224]
  0x000001f3b450e800 GCTaskThread "GC Thread#3" [stack: 0x0000000681b00000,0x0000000681c00000] [id=11392]
  0x000001f3b4e07800 GCTaskThread "GC Thread#4" [stack: 0x0000000681c00000,0x0000000681d00000] [id=89076]
  0x000001f3b4767800 GCTaskThread "GC Thread#5" [stack: 0x0000000681d00000,0x0000000681e00000] [id=83460]
  0x000001f3b61db800 GCTaskThread "GC Thread#6" [stack: 0x0000000682900000,0x0000000682a00000] [id=89008]
  0x000001f3b48f3800 GCTaskThread "GC Thread#7" [stack: 0x0000000682a00000,0x0000000682b00000] [id=85932]
  0x000001f398b79800 ConcurrentGCThread "G1 Main Marker" [stack: 0x0000000680800000,0x0000000680900000] [id=86304]
  0x000001f398b7a800 ConcurrentGCThread "G1 Conc#0" [stack: 0x0000000680900000,0x0000000680a00000] [id=85332]
  0x000001f3b4a36000 ConcurrentGCThread "G1 Conc#1" [stack: 0x0000000682b00000,0x0000000682c00000] [id=86544]
  0x000001f398c0e800 ConcurrentGCThread "G1 Refine#0" [stack: 0x0000000680a00000,0x0000000680b00000] [id=50520]
  0x000001f3b2e78800 ConcurrentGCThread "G1 Young RemSet Sampling" [stack: 0x0000000680b00000,0x0000000680c00000] [id=3360]

Threads with active compile tasks:
C2 CompilerThread0   8858 2154       4       java.net.URLClassLoader$1::run (5 bytes)
C2 CompilerThread1   8858 2155   !   4       java.net.URLClassLoader$1::run (63 bytes)

VM state:not at safepoint (normal execution)

VM Mutex/Monitor currently owned by a thread:  ([mutex/lock_event])
[0x000001f398b2c720] Threads_lock - owner thread: 0x000001f3b58ee000

Heap address: 0x0000000080000000, size: 2048 MB, Compressed Oops mode: 32-bit
Narrow klass base: 0x0000000000000000, Narrow klass shift: 3
Compressed class space size: 1073741824 Address: 0x0000000100000000

Heap:
 garbage-first heap   total 262144K, used 47745K [0x0000000080000000, 0x0000000100000000)
  region size 1024K, 32 young (32768K), 2 survivors (2048K)
 Metaspace       used 26192K, capacity 26821K, committed 27008K, reserved 1073152K
  class space    used 3393K, capacity 3589K, committed 3712K, reserved 1048576K
Heap Regions: E=young(eden), S=young(survivor), O=old, HS=humongous(starts), HC=humongous(continues), CS=collection set, F=free, A=archive, TAMS=top-at-mark-start (previous, next)
|   0|0x0000000080000000, 0x0000000080100000, 0x0000000080100000|100%| O|  |TAMS 0x0000000080000000, 0x0000000080000000| Untracked 
|   1|0x0000000080100000, 0x0000000080200000, 0x0000000080200000|100%| O|  |TAMS 0x0000000080100000, 0x0000000080100000| Untracked 
|   2|0x0000000080200000, 0x0000000080300000, 0x0000000080300000|100%| O|  |TAMS 0x0000000080200000, 0x0000000080200000| Untracked 
|   3|0x0000000080300000, 0x0000000080400000, 0x0000000080400000|100%|HS|  |TAMS 0x0000000080400000, 0x0000000080300000| Complete 
|   4|0x0000000080400000, 0x0000000080500000, 0x0000000080500000|100%|HC|  |TAMS 0x0000000080500000, 0x0000000080400000| Complete 
|   5|0x0000000080500000, 0x0000000080600000, 0x0000000080600000|100%|HC|  |TAMS 0x0000000080600000, 0x0000000080500000| Complete 
|   6|0x0000000080600000, 0x0000000080700000, 0x0000000080700000|100%| O|  |TAMS 0x0000000080700000, 0x0000000080600000| Untracked 
|   7|0x0000000080700000, 0x0000000080800000, 0x0000000080800000|100%| O|  |TAMS 0x0000000080800000, 0x0000000080700000| Untracked 
|   8|0x0000000080800000, 0x0000000080900000, 0x0000000080900000|100%| O|  |TAMS 0x0000000080900000, 0x0000000080800000| Untracked 
|   9|0x0000000080900000, 0x0000000080a00000, 0x0000000080a00000|100%| O|  |TAMS 0x000000008094b600, 0x0000000080900000| Untracked 
|  10|0x0000000080a00000, 0x0000000080b00000, 0x0000000080b00000|100%| O|  |TAMS 0x0000000080a00000, 0x0000000080a00000| Untracked 
|  11|0x0000000080b00000, 0x0000000080c00000, 0x0000000080c00000|100%| O|  |TAMS 0x0000000080b00000, 0x0000000080b00000| Untracked 
|  12|0x0000000080c00000, 0x0000000080d00000, 0x0000000080d00000|100%| O|  |TAMS 0x0000000080c00000, 0x0000000080c00000| Untracked 
|  13|0x0000000080d00000, 0x0000000080e00000, 0x0000000080e00000|100%| O|  |TAMS 0x0000000080d00000, 0x0000000080d00000| Untracked 
|  14|0x0000000080e00000, 0x0000000080f00000, 0x0000000080f00000|100%| O|  |TAMS 0x0000000080e00000, 0x0000000080e00000| Untracked 
|  15|0x0000000080f00000, 0x0000000081000000, 0x0000000081000000|100%| O|  |TAMS 0x0000000080f00000, 0x0000000080f00000| Untracked 
|  16|0x0000000081000000, 0x0000000081083200, 0x0000000081100000| 51%| O|  |TAMS 0x0000000081000000, 0x0000000081000000| Untracked 
|  17|0x0000000081100000, 0x0000000081100000, 0x0000000081200000|  0%| F|  |TAMS 0x0000000081100000, 0x0000000081100000| Untracked 
|  18|0x0000000081200000, 0x0000000081200000, 0x0000000081300000|  0%| F|  |TAMS 0x0000000081200000, 0x0000000081200000| Untracked 
|  19|0x0000000081300000, 0x0000000081300000, 0x0000000081400000|  0%| F|  |TAMS 0x0000000081300000, 0x0000000081300000| Untracked 
|  20|0x0000000081400000, 0x0000000081400000, 0x0000000081500000|  0%| F|  |TAMS 0x0000000081400000, 0x0000000081400000| Untracked 
|  21|0x0000000081500000, 0x0000000081500000, 0x0000000081600000|  0%| F|  |TAMS 0x0000000081500000, 0x0000000081500000| Untracked 
|  22|0x0000000081600000, 0x0000000081600000, 0x0000000081700000|  0%| F|  |TAMS 0x0000000081600000, 0x0000000081600000| Untracked 
|  23|0x0000000081700000, 0x0000000081700000, 0x0000000081800000|  0%| F|  |TAMS 0x0000000081700000, 0x0000000081700000| Untracked 
|  24|0x0000000081800000, 0x0000000081800000, 0x0000000081900000|  0%| F|  |TAMS 0x0000000081800000, 0x0000000081800000| Untracked 
|  25|0x0000000081900000, 0x0000000081900000, 0x0000000081a00000|  0%| F|  |TAMS 0x0000000081900000, 0x0000000081900000| Untracked 
|  26|0x0000000081a00000, 0x0000000081a00000, 0x0000000081b00000|  0%| F|  |TAMS 0x0000000081a00000, 0x0000000081a00000| Untracked 
|  27|0x0000000081b00000, 0x0000000081b00000, 0x0000000081c00000|  0%| F|  |TAMS 0x0000000081b00000, 0x0000000081b00000| Untracked 
|  28|0x0000000081c00000, 0x0000000081c00000, 0x0000000081d00000|  0%| F|  |TAMS 0x0000000081c00000, 0x0000000081c00000| Untracked 
|  29|0x0000000081d00000, 0x0000000081d00000, 0x0000000081e00000|  0%| F|  |TAMS 0x0000000081d00000, 0x0000000081d00000| Untracked 
|  30|0x0000000081e00000, 0x0000000081e00000, 0x0000000081f00000|  0%| F|  |TAMS 0x0000000081e00000, 0x0000000081e00000| Untracked 
|  31|0x0000000081f00000, 0x0000000081f00000, 0x0000000082000000|  0%| F|  |TAMS 0x0000000081f00000, 0x0000000081f00000| Untracked 
|  32|0x0000000082000000, 0x0000000082000000, 0x0000000082100000|  0%| F|  |TAMS 0x0000000082000000, 0x0000000082000000| Untracked 
|  33|0x0000000082100000, 0x0000000082100000, 0x0000000082200000|  0%| F|  |TAMS 0x0000000082100000, 0x0000000082100000| Untracked 
|  34|0x0000000082200000, 0x0000000082200000, 0x0000000082300000|  0%| F|  |TAMS 0x0000000082200000, 0x0000000082200000| Untracked 
|  35|0x0000000082300000, 0x0000000082300000, 0x0000000082400000|  0%| F|  |TAMS 0x0000000082300000, 0x0000000082300000| Untracked 
|  36|0x0000000082400000, 0x0000000082400000, 0x0000000082500000|  0%| F|  |TAMS 0x0000000082400000, 0x0000000082400000| Untracked 
|  37|0x0000000082500000, 0x0000000082500000, 0x0000000082600000|  0%| F|  |TAMS 0x0000000082500000, 0x0000000082500000| Untracked 
|  38|0x0000000082600000, 0x0000000082600000, 0x0000000082700000|  0%| F|  |TAMS 0x0000000082600000, 0x0000000082600000| Untracked 
|  39|0x0000000082700000, 0x0000000082700000, 0x0000000082800000|  0%| F|  |TAMS 0x0000000082700000, 0x0000000082700000| Untracked 
|  40|0x0000000082800000, 0x0000000082800000, 0x0000000082900000|  0%| F|  |TAMS 0x0000000082800000, 0x0000000082800000| Untracked 
|  41|0x0000000082900000, 0x0000000082900000, 0x0000000082a00000|  0%| F|  |TAMS 0x0000000082900000, 0x0000000082900000| Untracked 
|  42|0x0000000082a00000, 0x0000000082a00000, 0x0000000082b00000|  0%| F|  |TAMS 0x0000000082a00000, 0x0000000082a00000| Untracked 
|  43|0x0000000082b00000, 0x0000000082b00000, 0x0000000082c00000|  0%| F|  |TAMS 0x0000000082b00000, 0x0000000082b00000| Untracked 
|  44|0x0000000082c00000, 0x0000000082c00000, 0x0000000082d00000|  0%| F|  |TAMS 0x0000000082c00000, 0x0000000082c00000| Untracked 
|  45|0x0000000082d00000, 0x0000000082d00000, 0x0000000082e00000|  0%| F|  |TAMS 0x0000000082d00000, 0x0000000082d00000| Untracked 
|  46|0x0000000082e00000, 0x0000000082e00000, 0x0000000082f00000|  0%| F|  |TAMS 0x0000000082e00000, 0x0000000082e00000| Untracked 
|  47|0x0000000082f00000, 0x0000000082f00000, 0x0000000083000000|  0%| F|  |TAMS 0x0000000082f00000, 0x0000000082f00000| Untracked 
|  48|0x0000000083000000, 0x0000000083000000, 0x0000000083100000|  0%| F|  |TAMS 0x0000000083000000, 0x0000000083000000| Untracked 
|  49|0x0000000083100000, 0x0000000083100000, 0x0000000083200000|  0%| F|  |TAMS 0x0000000083100000, 0x0000000083100000| Untracked 
|  50|0x0000000083200000, 0x0000000083200000, 0x0000000083300000|  0%| F|  |TAMS 0x0000000083200000, 0x0000000083200000| Untracked 
|  51|0x0000000083300000, 0x0000000083300000, 0x0000000083400000|  0%| F|  |TAMS 0x0000000083300000, 0x0000000083300000| Untracked 
|  52|0x0000000083400000, 0x0000000083400000, 0x0000000083500000|  0%| F|  |TAMS 0x0000000083400000, 0x0000000083400000| Untracked 
|  53|0x0000000083500000, 0x0000000083500000, 0x0000000083600000|  0%| F|  |TAMS 0x0000000083500000, 0x0000000083500000| Untracked 
|  54|0x0000000083600000, 0x0000000083600000, 0x0000000083700000|  0%| F|  |TAMS 0x0000000083600000, 0x0000000083600000| Untracked 
|  55|0x0000000083700000, 0x0000000083700000, 0x0000000083800000|  0%| F|  |TAMS 0x0000000083700000, 0x0000000083700000| Untracked 
|  56|0x0000000083800000, 0x0000000083800000, 0x0000000083900000|  0%| F|  |TAMS 0x0000000083800000, 0x0000000083800000| Untracked 
|  57|0x0000000083900000, 0x0000000083900000, 0x0000000083a00000|  0%| F|  |TAMS 0x0000000083900000, 0x0000000083900000| Untracked 
|  58|0x0000000083a00000, 0x0000000083a00000, 0x0000000083b00000|  0%| F|  |TAMS 0x0000000083a00000, 0x0000000083a00000| Untracked 
|  59|0x0000000083b00000, 0x0000000083b00000, 0x0000000083c00000|  0%| F|  |TAMS 0x0000000083b00000, 0x0000000083b00000| Untracked 
|  60|0x0000000083c00000, 0x0000000083c00000, 0x0000000083d00000|  0%| F|  |TAMS 0x0000000083c00000, 0x0000000083c00000| Untracked 
|  61|0x0000000083d00000, 0x0000000083d00000, 0x0000000083e00000|  0%| F|  |TAMS 0x0000000083d00000, 0x0000000083d00000| Untracked 
|  62|0x0000000083e00000, 0x0000000083e00000, 0x0000000083f00000|  0%| F|  |TAMS 0x0000000083e00000, 0x0000000083e00000| Untracked 
|  63|0x0000000083f00000, 0x0000000083f00000, 0x0000000084000000|  0%| F|  |TAMS 0x0000000083f00000, 0x0000000083f00000| Untracked 
|  64|0x0000000084000000, 0x0000000084000000, 0x0000000084100000|  0%| F|  |TAMS 0x0000000084000000, 0x0000000084000000| Untracked 
|  65|0x0000000084100000, 0x0000000084100000, 0x0000000084200000|  0%| F|  |TAMS 0x0000000084100000, 0x0000000084100000| Untracked 
|  66|0x0000000084200000, 0x0000000084200000, 0x0000000084300000|  0%| F|  |TAMS 0x0000000084200000, 0x0000000084200000| Untracked 
|  67|0x0000000084300000, 0x0000000084300000, 0x0000000084400000|  0%| F|  |TAMS 0x0000000084300000, 0x0000000084300000| Untracked 
|  68|0x0000000084400000, 0x0000000084400000, 0x0000000084500000|  0%| F|  |TAMS 0x0000000084400000, 0x0000000084400000| Untracked 
|  69|0x0000000084500000, 0x0000000084500000, 0x0000000084600000|  0%| F|  |TAMS 0x0000000084500000, 0x0000000084500000| Untracked 
|  70|0x0000000084600000, 0x0000000084600000, 0x0000000084700000|  0%| F|  |TAMS 0x0000000084600000, 0x0000000084600000| Untracked 
|  71|0x0000000084700000, 0x0000000084700000, 0x0000000084800000|  0%| F|  |TAMS 0x0000000084700000, 0x0000000084700000| Untracked 
|  72|0x0000000084800000, 0x0000000084800000, 0x0000000084900000|  0%| F|  |TAMS 0x0000000084800000, 0x0000000084800000| Untracked 
|  73|0x0000000084900000, 0x0000000084900000, 0x0000000084a00000|  0%| F|  |TAMS 0x0000000084900000, 0x0000000084900000| Untracked 
|  74|0x0000000084a00000, 0x0000000084a00000, 0x0000000084b00000|  0%| F|  |TAMS 0x0000000084a00000, 0x0000000084a00000| Untracked 
|  75|0x0000000084b00000, 0x0000000084b00000, 0x0000000084c00000|  0%| F|  |TAMS 0x0000000084b00000, 0x0000000084b00000| Untracked 
|  76|0x0000000084c00000, 0x0000000084c00000, 0x0000000084d00000|  0%| F|  |TAMS 0x0000000084c00000, 0x0000000084c00000| Untracked 
|  77|0x0000000084d00000, 0x0000000084d00000, 0x0000000084e00000|  0%| F|  |TAMS 0x0000000084d00000, 0x0000000084d00000| Untracked 
|  78|0x0000000084e00000, 0x0000000084e00000, 0x0000000084f00000|  0%| F|  |TAMS 0x0000000084e00000, 0x0000000084e00000| Untracked 
|  79|0x0000000084f00000, 0x0000000084f00000, 0x0000000085000000|  0%| F|  |TAMS 0x0000000084f00000, 0x0000000084f00000| Untracked 
|  80|0x0000000085000000, 0x0000000085000000, 0x0000000085100000|  0%| F|  |TAMS 0x0000000085000000, 0x0000000085000000| Untracked 
|  81|0x0000000085100000, 0x0000000085100000, 0x0000000085200000|  0%| F|  |TAMS 0x0000000085100000, 0x0000000085100000| Untracked 
|  82|0x0000000085200000, 0x0000000085200000, 0x0000000085300000|  0%| F|  |TAMS 0x0000000085200000, 0x0000000085200000| Untracked 
|  83|0x0000000085300000, 0x0000000085300000, 0x0000000085400000|  0%| F|  |TAMS 0x0000000085300000, 0x0000000085300000| Untracked 
|  84|0x0000000085400000, 0x0000000085400000, 0x0000000085500000|  0%| F|  |TAMS 0x0000000085400000, 0x0000000085400000| Untracked 
|  85|0x0000000085500000, 0x0000000085500000, 0x0000000085600000|  0%| F|  |TAMS 0x0000000085500000, 0x0000000085500000| Untracked 
|  86|0x0000000085600000, 0x0000000085600000, 0x0000000085700000|  0%| F|  |TAMS 0x0000000085600000, 0x0000000085600000| Untracked 
|  87|0x0000000085700000, 0x0000000085700000, 0x0000000085800000|  0%| F|  |TAMS 0x0000000085700000, 0x0000000085700000| Untracked 
|  88|0x0000000085800000, 0x0000000085800000, 0x0000000085900000|  0%| F|  |TAMS 0x0000000085800000, 0x0000000085800000| Untracked 
|  89|0x0000000085900000, 0x0000000085900000, 0x0000000085a00000|  0%| F|  |TAMS 0x0000000085900000, 0x0000000085900000| Untracked 
|  90|0x0000000085a00000, 0x0000000085a00000, 0x0000000085b00000|  0%| F|  |TAMS 0x0000000085a00000, 0x0000000085a00000| Untracked 
|  91|0x0000000085b00000, 0x0000000085b00000, 0x0000000085c00000|  0%| F|  |TAMS 0x0000000085b00000, 0x0000000085b00000| Untracked 
|  92|0x0000000085c00000, 0x0000000085c00000, 0x0000000085d00000|  0%| F|  |TAMS 0x0000000085c00000, 0x0000000085c00000| Untracked 
|  93|0x0000000085d00000, 0x0000000085d00000, 0x0000000085e00000|  0%| F|  |TAMS 0x0000000085d00000, 0x0000000085d00000| Untracked 
|  94|0x0000000085e00000, 0x0000000085e00000, 0x0000000085f00000|  0%| F|  |TAMS 0x0000000085e00000, 0x0000000085e00000| Untracked 
|  95|0x0000000085f00000, 0x0000000085f00000, 0x0000000086000000|  0%| F|  |TAMS 0x0000000085f00000, 0x0000000085f00000| Untracked 
|  96|0x0000000086000000, 0x0000000086000000, 0x0000000086100000|  0%| F|  |TAMS 0x0000000086000000, 0x0000000086000000| Untracked 
|  97|0x0000000086100000, 0x0000000086100000, 0x0000000086200000|  0%| F|  |TAMS 0x0000000086100000, 0x0000000086100000| Untracked 
|  98|0x0000000086200000, 0x0000000086200000, 0x0000000086300000|  0%| F|  |TAMS 0x0000000086200000, 0x0000000086200000| Untracked 
|  99|0x0000000086300000, 0x0000000086300000, 0x0000000086400000|  0%| F|  |TAMS 0x0000000086300000, 0x0000000086300000| Untracked 
| 100|0x0000000086400000, 0x0000000086400000, 0x0000000086500000|  0%| F|  |TAMS 0x0000000086400000, 0x0000000086400000| Untracked 
| 101|0x0000000086500000, 0x0000000086500000, 0x0000000086600000|  0%| F|  |TAMS 0x0000000086500000, 0x0000000086500000| Untracked 
| 102|0x0000000086600000, 0x0000000086600000, 0x0000000086700000|  0%| F|  |TAMS 0x0000000086600000, 0x0000000086600000| Untracked 
| 103|0x0000000086700000, 0x0000000086700000, 0x0000000086800000|  0%| F|  |TAMS 0x0000000086700000, 0x0000000086700000| Untracked 
| 104|0x0000000086800000, 0x0000000086800000, 0x0000000086900000|  0%| F|  |TAMS 0x0000000086800000, 0x0000000086800000| Untracked 
| 105|0x0000000086900000, 0x0000000086900000, 0x0000000086a00000|  0%| F|  |TAMS 0x0000000086900000, 0x0000000086900000| Untracked 
| 106|0x0000000086a00000, 0x0000000086a00000, 0x0000000086b00000|  0%| F|  |TAMS 0x0000000086a00000, 0x0000000086a00000| Untracked 
| 107|0x0000000086b00000, 0x0000000086b00000, 0x0000000086c00000|  0%| F|  |TAMS 0x0000000086b00000, 0x0000000086b00000| Untracked 
| 108|0x0000000086c00000, 0x0000000086c00000, 0x0000000086d00000|  0%| F|  |TAMS 0x0000000086c00000, 0x0000000086c00000| Untracked 
| 109|0x0000000086d00000, 0x0000000086d00000, 0x0000000086e00000|  0%| F|  |TAMS 0x0000000086d00000, 0x0000000086d00000| Untracked 
| 110|0x0000000086e00000, 0x0000000086e00000, 0x0000000086f00000|  0%| F|  |TAMS 0x0000000086e00000, 0x0000000086e00000| Untracked 
| 111|0x0000000086f00000, 0x0000000086f00000, 0x0000000087000000|  0%| F|  |TAMS 0x0000000086f00000, 0x0000000086f00000| Untracked 
| 112|0x0000000087000000, 0x0000000087000000, 0x0000000087100000|  0%| F|  |TAMS 0x0000000087000000, 0x0000000087000000| Untracked 
| 113|0x0000000087100000, 0x0000000087100000, 0x0000000087200000|  0%| F|  |TAMS 0x0000000087100000, 0x0000000087100000| Untracked 
| 114|0x0000000087200000, 0x0000000087200000, 0x0000000087300000|  0%| F|  |TAMS 0x0000000087200000, 0x0000000087200000| Untracked 
| 115|0x0000000087300000, 0x0000000087300000, 0x0000000087400000|  0%| F|  |TAMS 0x0000000087300000, 0x0000000087300000| Untracked 
| 116|0x0000000087400000, 0x0000000087400000, 0x0000000087500000|  0%| F|  |TAMS 0x0000000087400000, 0x0000000087400000| Untracked 
| 117|0x0000000087500000, 0x0000000087500000, 0x0000000087600000|  0%| F|  |TAMS 0x0000000087500000, 0x0000000087500000| Untracked 
| 118|0x0000000087600000, 0x0000000087600000, 0x0000000087700000|  0%| F|  |TAMS 0x0000000087600000, 0x0000000087600000| Untracked 
| 119|0x0000000087700000, 0x0000000087700000, 0x0000000087800000|  0%| F|  |TAMS 0x0000000087700000, 0x0000000087700000| Untracked 
| 120|0x0000000087800000, 0x0000000087800000, 0x0000000087900000|  0%| F|  |TAMS 0x0000000087800000, 0x0000000087800000| Untracked 
| 121|0x0000000087900000, 0x0000000087900000, 0x0000000087a00000|  0%| F|  |TAMS 0x0000000087900000, 0x0000000087900000| Untracked 
| 122|0x0000000087a00000, 0x0000000087a00000, 0x0000000087b00000|  0%| F|  |TAMS 0x0000000087a00000, 0x0000000087a00000| Untracked 
| 123|0x0000000087b00000, 0x0000000087b00000, 0x0000000087c00000|  0%| F|  |TAMS 0x0000000087b00000, 0x0000000087b00000| Untracked 
| 124|0x0000000087c00000, 0x0000000087c00000, 0x0000000087d00000|  0%| F|  |TAMS 0x0000000087c00000, 0x0000000087c00000| Untracked 
| 125|0x0000000087d00000, 0x0000000087d00000, 0x0000000087e00000|  0%| F|  |TAMS 0x0000000087d00000, 0x0000000087d00000| Untracked 
| 126|0x0000000087e00000, 0x0000000087e00000, 0x0000000087f00000|  0%| F|  |TAMS 0x0000000087e00000, 0x0000000087e00000| Untracked 
| 127|0x0000000087f00000, 0x0000000087f00000, 0x0000000088000000|  0%| F|  |TAMS 0x0000000087f00000, 0x0000000087f00000| Untracked 
| 128|0x0000000088000000, 0x0000000088000000, 0x0000000088100000|  0%| F|  |TAMS 0x0000000088000000, 0x0000000088000000| Untracked 
| 129|0x0000000088100000, 0x0000000088100000, 0x0000000088200000|  0%| F|  |TAMS 0x0000000088100000, 0x0000000088100000| Untracked 
| 130|0x0000000088200000, 0x0000000088200000, 0x0000000088300000|  0%| F|  |TAMS 0x0000000088200000, 0x0000000088200000| Untracked 
| 131|0x0000000088300000, 0x0000000088300000, 0x0000000088400000|  0%| F|  |TAMS 0x0000000088300000, 0x0000000088300000| Untracked 
| 132|0x0000000088400000, 0x0000000088400000, 0x0000000088500000|  0%| F|  |TAMS 0x0000000088400000, 0x0000000088400000| Untracked 
| 133|0x0000000088500000, 0x0000000088500000, 0x0000000088600000|  0%| F|  |TAMS 0x0000000088500000, 0x0000000088500000| Untracked 
| 134|0x0000000088600000, 0x0000000088600000, 0x0000000088700000|  0%| F|  |TAMS 0x0000000088600000, 0x0000000088600000| Untracked 
| 135|0x0000000088700000, 0x0000000088700000, 0x0000000088800000|  0%| F|  |TAMS 0x0000000088700000, 0x0000000088700000| Untracked 
| 136|0x0000000088800000, 0x0000000088800000, 0x0000000088900000|  0%| F|  |TAMS 0x0000000088800000, 0x0000000088800000| Untracked 
| 137|0x0000000088900000, 0x0000000088900000, 0x0000000088a00000|  0%| F|  |TAMS 0x0000000088900000, 0x0000000088900000| Untracked 
| 138|0x0000000088a00000, 0x0000000088a00000, 0x0000000088b00000|  0%| F|  |TAMS 0x0000000088a00000, 0x0000000088a00000| Untracked 
| 139|0x0000000088b00000, 0x0000000088b00000, 0x0000000088c00000|  0%| F|  |TAMS 0x0000000088b00000, 0x0000000088b00000| Untracked 
| 140|0x0000000088c00000, 0x0000000088c00000, 0x0000000088d00000|  0%| F|  |TAMS 0x0000000088c00000, 0x0000000088c00000| Untracked 
| 141|0x0000000088d00000, 0x0000000088d00000, 0x0000000088e00000|  0%| F|  |TAMS 0x0000000088d00000, 0x0000000088d00000| Untracked 
| 142|0x0000000088e00000, 0x0000000088e00000, 0x0000000088f00000|  0%| F|  |TAMS 0x0000000088e00000, 0x0000000088e00000| Untracked 
| 143|0x0000000088f00000, 0x0000000088f00000, 0x0000000089000000|  0%| F|  |TAMS 0x0000000088f00000, 0x0000000088f00000| Untracked 
| 144|0x0000000089000000, 0x0000000089000000, 0x0000000089100000|  0%| F|  |TAMS 0x0000000089000000, 0x0000000089000000| Untracked 
| 145|0x0000000089100000, 0x0000000089100000, 0x0000000089200000|  0%| F|  |TAMS 0x0000000089100000, 0x0000000089100000| Untracked 
| 146|0x0000000089200000, 0x0000000089200000, 0x0000000089300000|  0%| F|  |TAMS 0x0000000089200000, 0x0000000089200000| Untracked 
| 147|0x0000000089300000, 0x0000000089300000, 0x0000000089400000|  0%| F|  |TAMS 0x0000000089300000, 0x0000000089300000| Untracked 
| 148|0x0000000089400000, 0x0000000089400000, 0x0000000089500000|  0%| F|  |TAMS 0x0000000089400000, 0x0000000089400000| Untracked 
| 149|0x0000000089500000, 0x0000000089500000, 0x0000000089600000|  0%| F|  |TAMS 0x0000000089500000, 0x0000000089500000| Untracked 
| 150|0x0000000089600000, 0x0000000089600000, 0x0000000089700000|  0%| F|  |TAMS 0x0000000089600000, 0x0000000089600000| Untracked 
| 151|0x0000000089700000, 0x0000000089700000, 0x0000000089800000|  0%| F|  |TAMS 0x0000000089700000, 0x0000000089700000| Untracked 
| 152|0x0000000089800000, 0x0000000089800000, 0x0000000089900000|  0%| F|  |TAMS 0x0000000089800000, 0x0000000089800000| Untracked 
| 153|0x0000000089900000, 0x0000000089900000, 0x0000000089a00000|  0%| F|  |TAMS 0x0000000089900000, 0x0000000089900000| Untracked 
| 154|0x0000000089a00000, 0x0000000089a00000, 0x0000000089b00000|  0%| F|  |TAMS 0x0000000089a00000, 0x0000000089a00000| Untracked 
| 155|0x0000000089b00000, 0x0000000089b00000, 0x0000000089c00000|  0%| F|  |TAMS 0x0000000089b00000, 0x0000000089b00000| Untracked 
| 156|0x0000000089c00000, 0x0000000089c00000, 0x0000000089d00000|  0%| F|  |TAMS 0x0000000089c00000, 0x0000000089c00000| Untracked 
| 157|0x0000000089d00000, 0x0000000089d00000, 0x0000000089e00000|  0%| F|  |TAMS 0x0000000089d00000, 0x0000000089d00000| Untracked 
| 158|0x0000000089e00000, 0x0000000089e00000, 0x0000000089f00000|  0%| F|  |TAMS 0x0000000089e00000, 0x0000000089e00000| Untracked 
| 159|0x0000000089f00000, 0x0000000089f00000, 0x000000008a000000|  0%| F|  |TAMS 0x0000000089f00000, 0x0000000089f00000| Untracked 
| 160|0x000000008a000000, 0x000000008a000000, 0x000000008a100000|  0%| F|  |TAMS 0x000000008a000000, 0x000000008a000000| Untracked 
| 161|0x000000008a100000, 0x000000008a100000, 0x000000008a200000|  0%| F|  |TAMS 0x000000008a100000, 0x000000008a100000| Untracked 
| 162|0x000000008a200000, 0x000000008a200000, 0x000000008a300000|  0%| F|  |TAMS 0x000000008a200000, 0x000000008a200000| Untracked 
| 163|0x000000008a300000, 0x000000008a300000, 0x000000008a400000|  0%| F|  |TAMS 0x000000008a300000, 0x000000008a300000| Untracked 
| 164|0x000000008a400000, 0x000000008a400000, 0x000000008a500000|  0%| F|  |TAMS 0x000000008a400000, 0x000000008a400000| Untracked 
| 165|0x000000008a500000, 0x000000008a500000, 0x000000008a600000|  0%| F|  |TAMS 0x000000008a500000, 0x000000008a500000| Untracked 
| 166|0x000000008a600000, 0x000000008a600000, 0x000000008a700000|  0%| F|  |TAMS 0x000000008a600000, 0x000000008a600000| Untracked 
| 167|0x000000008a700000, 0x000000008a700000, 0x000000008a800000|  0%| F|  |TAMS 0x000000008a700000, 0x000000008a700000| Untracked 
| 168|0x000000008a800000, 0x000000008a800000, 0x000000008a900000|  0%| F|  |TAMS 0x000000008a800000, 0x000000008a800000| Untracked 
| 169|0x000000008a900000, 0x000000008a900000, 0x000000008aa00000|  0%| F|  |TAMS 0x000000008a900000, 0x000000008a900000| Untracked 
| 170|0x000000008aa00000, 0x000000008aa00000, 0x000000008ab00000|  0%| F|  |TAMS 0x000000008aa00000, 0x000000008aa00000| Untracked 
| 171|0x000000008ab00000, 0x000000008ab00000, 0x000000008ac00000|  0%| F|  |TAMS 0x000000008ab00000, 0x000000008ab00000| Untracked 
| 172|0x000000008ac00000, 0x000000008ac00000, 0x000000008ad00000|  0%| F|  |TAMS 0x000000008ac00000, 0x000000008ac00000| Untracked 
| 173|0x000000008ad00000, 0x000000008ad00000, 0x000000008ae00000|  0%| F|  |TAMS 0x000000008ad00000, 0x000000008ad00000| Untracked 
| 174|0x000000008ae00000, 0x000000008ae00000, 0x000000008af00000|  0%| F|  |TAMS 0x000000008ae00000, 0x000000008ae00000| Untracked 
| 175|0x000000008af00000, 0x000000008af00000, 0x000000008b000000|  0%| F|  |TAMS 0x000000008af00000, 0x000000008af00000| Untracked 
| 176|0x000000008b000000, 0x000000008b000000, 0x000000008b100000|  0%| F|  |TAMS 0x000000008b000000, 0x000000008b000000| Untracked 
| 177|0x000000008b100000, 0x000000008b100000, 0x000000008b200000|  0%| F|  |TAMS 0x000000008b100000, 0x000000008b100000| Untracked 
| 178|0x000000008b200000, 0x000000008b200000, 0x000000008b300000|  0%| F|  |TAMS 0x000000008b200000, 0x000000008b200000| Untracked 
| 179|0x000000008b300000, 0x000000008b300000, 0x000000008b400000|  0%| F|  |TAMS 0x000000008b300000, 0x000000008b300000| Untracked 
| 180|0x000000008b400000, 0x000000008b400000, 0x000000008b500000|  0%| F|  |TAMS 0x000000008b400000, 0x000000008b400000| Untracked 
| 181|0x000000008b500000, 0x000000008b500000, 0x000000008b600000|  0%| F|  |TAMS 0x000000008b500000, 0x000000008b500000| Untracked 
| 182|0x000000008b600000, 0x000000008b600000, 0x000000008b700000|  0%| F|  |TAMS 0x000000008b600000, 0x000000008b600000| Untracked 
| 183|0x000000008b700000, 0x000000008b700000, 0x000000008b800000|  0%| F|  |TAMS 0x000000008b700000, 0x000000008b700000| Untracked 
| 184|0x000000008b800000, 0x000000008b800000, 0x000000008b900000|  0%| F|  |TAMS 0x000000008b800000, 0x000000008b800000| Untracked 
| 185|0x000000008b900000, 0x000000008b900000, 0x000000008ba00000|  0%| F|  |TAMS 0x000000008b900000, 0x000000008b900000| Untracked 
| 186|0x000000008ba00000, 0x000000008ba00000, 0x000000008bb00000|  0%| F|  |TAMS 0x000000008ba00000, 0x000000008ba00000| Untracked 
| 187|0x000000008bb00000, 0x000000008bb00000, 0x000000008bc00000|  0%| F|  |TAMS 0x000000008bb00000, 0x000000008bb00000| Untracked 
| 188|0x000000008bc00000, 0x000000008bc00000, 0x000000008bd00000|  0%| F|  |TAMS 0x000000008bc00000, 0x000000008bc00000| Untracked 
| 189|0x000000008bd00000, 0x000000008bd00000, 0x000000008be00000|  0%| F|  |TAMS 0x000000008bd00000, 0x000000008bd00000| Untracked 
| 190|0x000000008be00000, 0x000000008be00000, 0x000000008bf00000|  0%| F|  |TAMS 0x000000008be00000, 0x000000008be00000| Untracked 
| 191|0x000000008bf00000, 0x000000008bf00000, 0x000000008c000000|  0%| F|  |TAMS 0x000000008bf00000, 0x000000008bf00000| Untracked 
| 192|0x000000008c000000, 0x000000008c000000, 0x000000008c100000|  0%| F|  |TAMS 0x000000008c000000, 0x000000008c000000| Untracked 
| 193|0x000000008c100000, 0x000000008c100000, 0x000000008c200000|  0%| F|  |TAMS 0x000000008c100000, 0x000000008c100000| Untracked 
| 194|0x000000008c200000, 0x000000008c200000, 0x000000008c300000|  0%| F|  |TAMS 0x000000008c200000, 0x000000008c200000| Untracked 
| 195|0x000000008c300000, 0x000000008c300000, 0x000000008c400000|  0%| F|  |TAMS 0x000000008c300000, 0x000000008c300000| Untracked 
| 196|0x000000008c400000, 0x000000008c400000, 0x000000008c500000|  0%| F|  |TAMS 0x000000008c400000, 0x000000008c400000| Untracked 
| 197|0x000000008c500000, 0x000000008c500000, 0x000000008c600000|  0%| F|  |TAMS 0x000000008c500000, 0x000000008c500000| Untracked 
| 198|0x000000008c600000, 0x000000008c600000, 0x000000008c700000|  0%| F|  |TAMS 0x000000008c600000, 0x000000008c600000| Untracked 
| 199|0x000000008c700000, 0x000000008c700000, 0x000000008c800000|  0%| F|  |TAMS 0x000000008c700000, 0x000000008c700000| Untracked 
| 200|0x000000008c800000, 0x000000008c800000, 0x000000008c900000|  0%| F|  |TAMS 0x000000008c800000, 0x000000008c800000| Untracked 
| 201|0x000000008c900000, 0x000000008c900000, 0x000000008ca00000|  0%| F|  |TAMS 0x000000008c900000, 0x000000008c900000| Untracked 
| 202|0x000000008ca00000, 0x000000008ca00000, 0x000000008cb00000|  0%| F|  |TAMS 0x000000008ca00000, 0x000000008ca00000| Untracked 
| 203|0x000000008cb00000, 0x000000008cb00000, 0x000000008cc00000|  0%| F|  |TAMS 0x000000008cb00000, 0x000000008cb00000| Untracked 
| 204|0x000000008cc00000, 0x000000008cc00000, 0x000000008cd00000|  0%| F|  |TAMS 0x000000008cc00000, 0x000000008cc00000| Untracked 
| 205|0x000000008cd00000, 0x000000008cd00000, 0x000000008ce00000|  0%| F|  |TAMS 0x000000008cd00000, 0x000000008cd00000| Untracked 
| 206|0x000000008ce00000, 0x000000008ce00000, 0x000000008cf00000|  0%| F|  |TAMS 0x000000008ce00000, 0x000000008ce00000| Untracked 
| 207|0x000000008cf00000, 0x000000008cf00000, 0x000000008d000000|  0%| F|  |TAMS 0x000000008cf00000, 0x000000008cf00000| Untracked 
| 208|0x000000008d000000, 0x000000008d000000, 0x000000008d100000|  0%| F|  |TAMS 0x000000008d000000, 0x000000008d000000| Untracked 
| 209|0x000000008d100000, 0x000000008d100000, 0x000000008d200000|  0%| F|  |TAMS 0x000000008d100000, 0x000000008d100000| Untracked 
| 210|0x000000008d200000, 0x000000008d200000, 0x000000008d300000|  0%| F|  |TAMS 0x000000008d200000, 0x000000008d200000| Untracked 
| 211|0x000000008d300000, 0x000000008d300000, 0x000000008d400000|  0%| F|  |TAMS 0x000000008d300000, 0x000000008d300000| Untracked 
| 212|0x000000008d400000, 0x000000008d400000, 0x000000008d500000|  0%| F|  |TAMS 0x000000008d400000, 0x000000008d400000| Untracked 
| 213|0x000000008d500000, 0x000000008d500000, 0x000000008d600000|  0%| F|  |TAMS 0x000000008d500000, 0x000000008d500000| Untracked 
| 214|0x000000008d600000, 0x000000008d600000, 0x000000008d700000|  0%| F|  |TAMS 0x000000008d600000, 0x000000008d600000| Untracked 
| 215|0x000000008d700000, 0x000000008d700000, 0x000000008d800000|  0%| F|  |TAMS 0x000000008d700000, 0x000000008d700000| Untracked 
| 216|0x000000008d800000, 0x000000008d800000, 0x000000008d900000|  0%| F|  |TAMS 0x000000008d800000, 0x000000008d800000| Untracked 
| 217|0x000000008d900000, 0x000000008d900000, 0x000000008da00000|  0%| F|  |TAMS 0x000000008d900000, 0x000000008d900000| Untracked 
| 218|0x000000008da00000, 0x000000008da00000, 0x000000008db00000|  0%| F|  |TAMS 0x000000008da00000, 0x000000008da00000| Untracked 
| 219|0x000000008db00000, 0x000000008db00000, 0x000000008dc00000|  0%| F|  |TAMS 0x000000008db00000, 0x000000008db00000| Untracked 
| 220|0x000000008dc00000, 0x000000008dc00000, 0x000000008dd00000|  0%| F|  |TAMS 0x000000008dc00000, 0x000000008dc00000| Untracked 
| 221|0x000000008dd00000, 0x000000008dd00000, 0x000000008de00000|  0%| F|  |TAMS 0x000000008dd00000, 0x000000008dd00000| Untracked 
| 222|0x000000008de00000, 0x000000008de00000, 0x000000008df00000|  0%| F|  |TAMS 0x000000008de00000, 0x000000008de00000| Untracked 
| 223|0x000000008df00000, 0x000000008df80800, 0x000000008e000000| 50%| E|  |TAMS 0x000000008df00000, 0x000000008df00000| Complete 
| 224|0x000000008e000000, 0x000000008e100000, 0x000000008e100000|100%| E|CS|TAMS 0x000000008e000000, 0x000000008e000000| Complete 
| 225|0x000000008e100000, 0x000000008e200000, 0x000000008e200000|100%| E|CS|TAMS 0x000000008e100000, 0x000000008e100000| Complete 
| 226|0x000000008e200000, 0x000000008e300000, 0x000000008e300000|100%| E|CS|TAMS 0x000000008e200000, 0x000000008e200000| Complete 
| 227|0x000000008e300000, 0x000000008e400000, 0x000000008e400000|100%| E|CS|TAMS 0x000000008e300000, 0x000000008e300000| Complete 
| 228|0x000000008e400000, 0x000000008e500000, 0x000000008e500000|100%| E|CS|TAMS 0x000000008e400000, 0x000000008e400000| Complete 
| 229|0x000000008e500000, 0x000000008e600000, 0x000000008e600000|100%| E|CS|TAMS 0x000000008e500000, 0x000000008e500000| Complete 
| 230|0x000000008e600000, 0x000000008e700000, 0x000000008e700000|100%| E|CS|TAMS 0x000000008e600000, 0x000000008e600000| Complete 
| 231|0x000000008e700000, 0x000000008e800000, 0x000000008e800000|100%| E|CS|TAMS 0x000000008e700000, 0x000000008e700000| Complete 
| 232|0x000000008e800000, 0x000000008e900000, 0x000000008e900000|100%| E|CS|TAMS 0x000000008e800000, 0x000000008e800000| Complete 
| 233|0x000000008e900000, 0x000000008e91d2f0, 0x000000008ea00000| 11%| S|CS|TAMS 0x000000008e900000, 0x000000008e900000| Complete 
| 234|0x000000008ea00000, 0x000000008eb00000, 0x000000008eb00000|100%| S|CS|TAMS 0x000000008ea00000, 0x000000008ea00000| Complete 
| 235|0x000000008eb00000, 0x000000008ec00000, 0x000000008ec00000|100%| E|CS|TAMS 0x000000008eb00000, 0x000000008eb00000| Complete 
| 236|0x000000008ec00000, 0x000000008ed00000, 0x000000008ed00000|100%| E|CS|TAMS 0x000000008ec00000, 0x000000008ec00000| Complete 
| 237|0x000000008ed00000, 0x000000008ee00000, 0x000000008ee00000|100%| E|CS|TAMS 0x000000008ed00000, 0x000000008ed00000| Complete 
| 238|0x000000008ee00000, 0x000000008ef00000, 0x000000008ef00000|100%| E|CS|TAMS 0x000000008ee00000, 0x000000008ee00000| Complete 
| 239|0x000000008ef00000, 0x000000008f000000, 0x000000008f000000|100%| E|CS|TAMS 0x000000008ef00000, 0x000000008ef00000| Complete 
| 240|0x000000008f000000, 0x000000008f100000, 0x000000008f100000|100%| E|CS|TAMS 0x000000008f000000, 0x000000008f000000| Complete 
| 241|0x000000008f100000, 0x000000008f200000, 0x000000008f200000|100%| E|CS|TAMS 0x000000008f100000, 0x000000008f100000| Complete 
| 242|0x000000008f200000, 0x000000008f300000, 0x000000008f300000|100%| E|CS|TAMS 0x000000008f200000, 0x000000008f200000| Complete 
| 243|0x000000008f300000, 0x000000008f400000, 0x000000008f400000|100%| E|CS|TAMS 0x000000008f300000, 0x000000008f300000| Complete 
| 244|0x000000008f400000, 0x000000008f500000, 0x000000008f500000|100%| E|CS|TAMS 0x000000008f400000, 0x000000008f400000| Complete 
| 245|0x000000008f500000, 0x000000008f600000, 0x000000008f600000|100%| E|CS|TAMS 0x000000008f500000, 0x000000008f500000| Complete 
| 246|0x000000008f600000, 0x000000008f700000, 0x000000008f700000|100%| E|CS|TAMS 0x000000008f600000, 0x000000008f600000| Complete 
| 247|0x000000008f700000, 0x000000008f800000, 0x000000008f800000|100%| E|CS|TAMS 0x000000008f700000, 0x000000008f700000| Complete 
| 248|0x000000008f800000, 0x000000008f900000, 0x000000008f900000|100%| E|CS|TAMS 0x000000008f800000, 0x000000008f800000| Complete 
| 249|0x000000008f900000, 0x000000008fa00000, 0x000000008fa00000|100%| E|CS|TAMS 0x000000008f900000, 0x000000008f900000| Complete 
| 250|0x000000008fa00000, 0x000000008fb00000, 0x000000008fb00000|100%| E|CS|TAMS 0x000000008fa00000, 0x000000008fa00000| Complete 
| 251|0x000000008fb00000, 0x000000008fc00000, 0x000000008fc00000|100%| E|CS|TAMS 0x000000008fb00000, 0x000000008fb00000| Complete 
| 252|0x000000008fc00000, 0x000000008fd00000, 0x000000008fd00000|100%| E|CS|TAMS 0x000000008fc00000, 0x000000008fc00000| Complete 
| 253|0x000000008fd00000, 0x000000008fe00000, 0x000000008fe00000|100%| E|CS|TAMS 0x000000008fd00000, 0x000000008fd00000| Complete 
| 254|0x000000008fe00000, 0x000000008ff00000, 0x000000008ff00000|100%| E|CS|TAMS 0x000000008fe00000, 0x000000008fe00000| Complete 
| 255|0x000000008ff00000, 0x0000000090000000, 0x0000000090000000|100%| E|CS|TAMS 0x000000008ff00000, 0x000000008ff00000| Complete 

Card table byte_map: [0x000001f3abd70000,0x000001f3ac170000] _byte_map_base: 0x000001f3ab970000

Marking Bits (Prev, Next): (CMBitMap*) 0x000001f398b70dc0, (CMBitMap*) 0x000001f398b70d88
 Prev Bits: [0x000001f3ae570000, 0x000001f3b0570000)
 Next Bits: [0x000001f3ac570000, 0x000001f3ae570000)

Polling page: 0x000001f396ad0000

Metaspace:

Usage:
  Non-class:     22.76 MB capacity,    22.32 MB ( 98%) used,   399.53 KB (  2%) free+waste,    46.50 KB ( <1%) overhead. 
      Class:      3.51 MB capacity,     3.32 MB ( 95%) used,   168.15 KB (  5%) free+waste,    23.00 KB ( <1%) overhead. 
       Both:     26.27 MB capacity,    25.65 MB ( 98%) used,   567.68 KB (  2%) free+waste,    69.50 KB ( <1%) overhead. 

Virtual space:
  Non-class space:       24.00 MB reserved,      23.00 MB ( 96%) committed 
      Class space:        1.00 GB reserved,       3.63 MB ( <1%) committed 
             Both:        1.02 GB reserved,      26.63 MB (  3%) committed 

Chunk freelists:
   Non-Class:  56.00 KB
       Class:  22.00 KB
        Both:  78.00 KB

MaxMetaspaceSize: 17179869184.00 GB
CompressedClassSpaceSize: 1.00 GB
Initial GC threshold: 20.80 MB
Current GC threshold: 35.00 MB
CDS: off

CodeHeap 'non-profiled nmethods': size=120000Kb used=1113Kb max_used=1113Kb free=118886Kb
 bounds [0x000001f3a4110000, 0x000001f3a4380000, 0x000001f3ab640000]
CodeHeap 'profiled nmethods': size=120000Kb used=4829Kb max_used=4829Kb free=115170Kb
 bounds [0x000001f39cbe0000, 0x000001f39d0a0000, 0x000001f3a4110000]
CodeHeap 'non-nmethods': size=5760Kb used=1230Kb max_used=1259Kb free=4529Kb
 bounds [0x000001f39c640000, 0x000001f39c8b0000, 0x000001f39cbe0000]
 total_blobs=2755 nmethods=2256 adapters=411
 compilation: enabled
              stopped_count=0, restarted_count=0
 full_count=0

Compilation events (20 events):
Event: 8.655 Thread 0x000001f3b38a2000 2240       3       org.objectweb.asm.Frame::merge (322 bytes)
Event: 8.657 Thread 0x000001f3b38a2000 nmethod 2240 0x000001f39d082f10 code [0x000001f39d083140, 0x000001f39d083a48]
Event: 8.657 Thread 0x000001f3b38a2000 2241       3       org.objectweb.asm.Frame::getLocal (46 bytes)
Event: 8.658 Thread 0x000001f3b38a2000 nmethod 2241 0x000001f39d083c90 code [0x000001f39d083e40, 0x000001f39d084038]
Event: 8.658 Thread 0x000001f3b38a2000 2239       3       org.objectweb.asm.Frame::push (59 bytes)
Event: 8.659 Thread 0x000001f3b38a2000 nmethod 2239 0x000001f39d084110 code [0x000001f39d084360, 0x000001f39d084ab8]
Event: 8.667 Thread 0x000001f3b38a2000 2242       3       jdk.internal.loader.ClassLoaders::platformClassLoader (4 bytes)
Event: 8.667 Thread 0x000001f3b38a2000 nmethod 2242 0x000001f39d084e10 code [0x000001f39d084fc0, 0x000001f39d0850b8]
Event: 8.720 Thread 0x000001f3b38a2000 2243       3       sun.reflect.annotation.AnnotationInvocationHandler::invoke (178 bytes)
Event: 8.723 Thread 0x000001f3b38a2000 nmethod 2243 0x000001f39d085110 code [0x000001f39d085420, 0x000001f39d086488]
Event: 8.750 Thread 0x000001f3b38a2000 2244       3       java.util.concurrent.ConcurrentHashMap::<init> (9 bytes)
Event: 8.751 Thread 0x000001f3b38a2000 nmethod 2244 0x000001f39d086a10 code [0x000001f39d086be0, 0x000001f39d086d28]
Event: 8.758 Thread 0x000001f3b38a2000 2245       3       jdk.internal.reflect.NativeMethodAccessorImpl::invoke (104 bytes)
Event: 8.762 Thread 0x000001f3b38a2000 nmethod 2245 0x000001f39d086e10 code [0x000001f39d0870c0, 0x000001f39d087f98]
Event: 8.762 Thread 0x000001f3b38a2000 2247   !   3       org.gradle.internal.service.DefaultServiceRegistry$FactoryService::bind (283 bytes)
Event: 8.771 Thread 0x000001f3b38a2000 nmethod 2247 0x000001f39d088490 code [0x000001f39d088ba0, 0x000001f39d08d208]
Event: 8.771 Thread 0x000001f3b38a2000 2248       3       java.lang.ClassLoader::getBuiltinPlatformClassLoader (4 bytes)
Event: 8.771 Thread 0x000001f3b38a2000 nmethod 2248 0x000001f39d08e910 code [0x000001f39d08eac0, 0x000001f39d08ebf8]
Event: 8.775 Thread 0x000001f3b38a2000 2249       3       java.lang.ClassLoader::getPlatformClassLoader (21 bytes)
Event: 8.776 Thread 0x000001f3b38a2000 nmethod 2249 0x000001f39d08ec90 code [0x000001f39d08eec0, 0x000001f39d08f738]

GC Heap History (6 events):
Event: 1.747 GC heap before
{Heap before GC invocations=0 (full 0):
 garbage-first heap   total 262144K, used 30720K [0x0000000080000000, 0x0000000100000000)
  region size 1024K, 24 young (24576K), 0 survivors (0K)
 Metaspace       used 10234K, capacity 10493K, committed 10624K, reserved 1058816K
  class space    used 1072K, capacity 1139K, committed 1152K, reserved 1048576K
}
Event: 1.758 GC heap after
{Heap after GC invocations=1 (full 0):
 garbage-first heap   total 262144K, used 9517K [0x0000000080000000, 0x0000000100000000)
  region size 1024K, 3 young (3072K), 3 survivors (3072K)
 Metaspace       used 10234K, capacity 10493K, committed 10624K, reserved 1058816K
  class space    used 1072K, capacity 1139K, committed 1152K, reserved 1048576K
}
Event: 6.748 GC heap before
{Heap before GC invocations=1 (full 0):
 garbage-first heap   total 262144K, used 111917K [0x0000000080000000, 0x0000000100000000)
  region size 1024K, 104 young (106496K), 3 survivors (3072K)
 Metaspace       used 20673K, capacity 21141K, committed 21248K, reserved 1067008K
  class space    used 2544K, capacity 2712K, committed 2816K, reserved 1048576K
}
Event: 6.788 GC heap after
{Heap after GC invocations=2 (full 0):
 garbage-first heap   total 262144K, used 17266K [0x0000000080000000, 0x0000000100000000)
  region size 1024K, 11 young (11264K), 11 survivors (11264K)
 Metaspace       used 20673K, capacity 21141K, committed 21248K, reserved 1067008K
  class space    used 2544K, capacity 2712K, committed 2816K, reserved 1048576K
}
Event: 7.483 GC heap before
{Heap before GC invocations=3 (full 0):
 garbage-first heap   total 262144K, used 38770K [0x0000000080000000, 0x0000000100000000)
  region size 1024K, 32 young (32768K), 11 survivors (11264K)
 Metaspace       used 22838K, capacity 23400K, committed 23552K, reserved 1069056K
  class space    used 2885K, capacity 3066K, committed 3072K, reserved 1048576K
}
Event: 7.506 GC heap after
{Heap after GC invocations=4 (full 0):
 garbage-first heap   total 262144K, used 18049K [0x0000000080000000, 0x0000000100000000)
  region size 1024K, 2 young (2048K), 2 survivors (2048K)
 Metaspace       used 22838K, capacity 23400K, committed 23552K, reserved 1069056K
  class space    used 2885K, capacity 3066K, committed 3072K, reserved 1048576K
}

Deoptimization events (20 events):
Event: 6.720 Thread 0x000001f3b58ee000 Uncommon trap: trap_request=0xffffffc6 fr.pc=0x000001f3a418b624 relative=0x0000000000000084
Event: 6.720 Thread 0x000001f3b58ee000 Uncommon trap: reason=bimorphic_or_optimized_type_check action=maybe_recompile pc=0x000001f3a418b624 method=java.util.AbstractList$Itr.hasNext()Z @ 8 c2
Event: 6.720 Thread 0x000001f3b58ee000 DEOPT PACKING pc=0x000001f3a418b624 sp=0x00000006822fa8d0
Event: 6.720 Thread 0x000001f3b58ee000 DEOPT UNPACKING pc=0x000001f39c68a1af sp=0x00000006822fa868 mode 2
Event: 6.720 Thread 0x000001f3b58ee000 Uncommon trap: trap_request=0xffffffc6 fr.pc=0x000001f3a418b9d4 relative=0x0000000000000114
Event: 6.720 Thread 0x000001f3b58ee000 Uncommon trap: reason=bimorphic_or_optimized_type_check action=maybe_recompile pc=0x000001f3a418b9d4 method=java.util.AbstractList$Itr.next()Ljava/lang/Object; @ 14 c2
Event: 6.720 Thread 0x000001f3b58ee000 DEOPT PACKING pc=0x000001f3a418b9d4 sp=0x00000006822fa8c0
Event: 6.720 Thread 0x000001f3b58ee000 DEOPT UNPACKING pc=0x000001f39c68a1af sp=0x00000006822fa858 mode 2
Event: 6.722 Thread 0x000001f3b58ee000 Uncommon trap: trap_request=0xffffff4d fr.pc=0x000001f3a4187a00 relative=0x0000000000000640
Event: 6.722 Thread 0x000001f3b58ee000 Uncommon trap: reason=unstable_if action=reinterpret pc=0x000001f3a4187a00 method=java.io.File.getName()Ljava/lang/String; @ 16 c2
Event: 6.722 Thread 0x000001f3b58ee000 DEOPT PACKING pc=0x000001f3a4187a00 sp=0x00000006822fb290
Event: 6.722 Thread 0x000001f3b58ee000 DEOPT UNPACKING pc=0x000001f39c68a1af sp=0x00000006822fb260 mode 2
Event: 7.781 Thread 0x000001f3b58ee000 Uncommon trap: trap_request=0xffffff4d fr.pc=0x000001f3a41e81fc relative=0x000000000000023c
Event: 7.781 Thread 0x000001f3b58ee000 Uncommon trap: reason=unstable_if action=reinterpret pc=0x000001f3a41e81fc method=java.util.concurrent.ConcurrentHashMap.get(Ljava/lang/Object;)Ljava/lang/Object; @ 76 c2
Event: 7.781 Thread 0x000001f3b58ee000 DEOPT PACKING pc=0x000001f3a41e81fc sp=0x00000006822f9890
Event: 7.781 Thread 0x000001f3b58ee000 DEOPT UNPACKING pc=0x000001f39c68a1af sp=0x00000006822f97f8 mode 2
Event: 8.411 Thread 0x000001f3b58ee000 Uncommon trap: trap_request=0xffffffcc fr.pc=0x000001f3a4222290 relative=0x0000000000000350
Event: 8.411 Thread 0x000001f3b58ee000 Uncommon trap: reason=intrinsic_or_type_checked_inlining action=make_not_entrant pc=0x000001f3a4222290 method=java.util.Arrays.copyOf([Ljava/lang/Object;ILjava/lang/Class;)[Ljava/lang/Object; @ 35 c2
Event: 8.411 Thread 0x000001f3b58ee000 DEOPT PACKING pc=0x000001f3a4222290 sp=0x00000006822fb910
Event: 8.411 Thread 0x000001f3b58ee000 DEOPT UNPACKING pc=0x000001f39c68a1af sp=0x00000006822fb8a0 mode 2

Classes redefined (0 events):
No events

Internal exceptions (20 events):
Event: 4.017 Thread 0x000001f398b30000 Exception <a 'java/lang/NoSuchMethodError'{0x000000008c80b628}: 'java.lang.Object java.lang.invoke.DirectMethodHandle$Holder.invokeStaticInit(java.lang.Object, java.lang.Object, java.lang.Object)'> (0x000000008c80b628) thrown at [./src/hotspot/share/interpreter/linkResolver.cpp, line 773]
Event: 4.614 Thread 0x000001f398b30000 Exception <a 'java/lang/NoSuchMethodError'{0x000000008c2745f8}: 'java.lang.Object java.lang.invoke.DirectMethodHandle$Holder.invokeStaticInit(java.lang.Object, int, int, int, int)'> (0x000000008c2745f8) thrown at [./src/hotspot/share/interpreter/linkResolver.cpp, line 773]
Event: 5.143 Thread 0x000001f398b30000 Exception <a 'java/lang/NoSuchMethodError'{0x000000008c2bb8d0}: 'java.lang.Object java.lang.invoke.DirectMethodHandle$Holder.invokeStaticInit(java.lang.Object, java.lang.Object, int, int, int, int)'> (0x000000008c2bb8d0) thrown at [./src/hotspot/share/interpreter/linkResolver.cpp, line 773]
Event: 5.668 Thread 0x000001f398b30000 Exception <a 'java/io/IOException'{0x000000008bf12fa0}> (0x000000008bf12fa0) thrown at [./src/hotspot/share/prims/jni.cpp, line 615]
Event: 5.843 Thread 0x000001f3b58ee000 Exception <a 'java/lang/NoSuchMethodError'{0x000000008b9ed428}: 'long java.lang.invoke.DirectMethodHandle$Holder.invokeInterface(java.lang.Object, java.lang.Object)'> (0x000000008b9ed428) thrown at [./src/hotspot/share/interpreter/linkResolver.cpp, line 773]
Event: 5.846 Thread 0x000001f3b58ee000 Exception <a 'java/lang/NoSuchMethodError'{0x000000008b9fa4c8}: 'void java.lang.invoke.DelegatingMethodHandle$Holder.reinvoke_L(java.lang.Object, java.lang.Object, java.lang.Object, java.lang.Object, java.lang.Object, java.lang.Object, java.lang.Object)'> (0x000000008b9fa4c8) thrown at [./src/hotspot/share/interpreter/linkResolver.cpp, line 773]
Event: 6.390 Thread 0x000001f3b58ee000 Exception <a 'java/lang/NoSuchMethodError'{0x0000000089d02e48}: 'void java.lang.invoke.DirectMethodHandle$Holder.invokeStaticInit(java.lang.Object)'> (0x0000000089d02e48) thrown at [./src/hotspot/share/interpreter/linkResolver.cpp, line 773]
Event: 6.498 Thread 0x000001f3b58ee000 Exception <a 'java/lang/NoSuchMethodError'{0x0000000089db07e0}: 'java.lang.Object java.lang.invoke.DirectMethodHandle$Holder.invokeStatic(java.lang.Object, java.lang.Object, java.lang.Object, int)'> (0x0000000089db07e0) thrown at [./src/hotspot/share/interpreter/linkResolver.cpp, line 773]
Event: 6.499 Thread 0x000001f3b58ee000 Exception <a 'java/lang/NoSuchMethodError'{0x0000000089db4ef8}: 'java.lang.Object java.lang.invoke.DirectMethodHandle$Holder.invokeSpecial(java.lang.Object, java.lang.Object, java.lang.Object, java.lang.Object, int)'> (0x0000000089db4ef8) thrown at [./src/hotspot/share/interpreter/linkResolver.cpp, line 773]
Event: 6.500 Thread 0x000001f3b58ee000 Exception <a 'java/lang/NoSuchMethodError'{0x0000000089db8e30}: 'java.lang.Object java.lang.invoke.Invokers$Holder.linkToTargetMethod(java.lang.Object, java.lang.Object, int, java.lang.Object)'> (0x0000000089db8e30) thrown at [./src/hotspot/share/interpreter/linkResolver.cpp, line 773]
Event: 6.935 Thread 0x000001f3b58ee000 Exception <a 'java/lang/NoSuchMethodError'{0x000000008fd972f0}: 'int java.lang.invoke.DirectMethodHandle$Holder.invokeSpecialIFC(java.lang.Object, java.lang.Object, java.lang.Object, java.lang.Object)'> (0x000000008fd972f0) thrown at [./src/hotspot/share/interpreter/linkResolver.cpp, line 773]
Event: 6.940 Thread 0x000001f3b58ee000 Exception <a 'java/lang/NoSuchMethodError'{0x000000008fda52a8}: 'java.lang.Object java.lang.invoke.DirectMethodHandle$Holder.invokeInterface(java.lang.Object, java.lang.Object, java.lang.Object)'> (0x000000008fda52a8) thrown at [./src/hotspot/share/interpreter/linkResolver.cpp, line 773]
Event: 6.941 Thread 0x000001f3b58ee000 Exception <a 'java/lang/IncompatibleClassChangeError'{0x000000008fda8780}: Found class java.lang.Object, but interface was expected> (0x000000008fda8780) thrown at [./src/hotspot/share/interpreter/linkResolver.cpp, line 839]
Event: 7.357 Thread 0x000001f3b58ee000 Exception <a 'java/lang/NoSuchMethodError'{0x000000008f140b98}: 'java.lang.Object java.lang.invoke.DirectMethodHandle$Holder.invokeSpecial(java.lang.Object, java.lang.Object, java.lang.Object, java.lang.Object, java.lang.Object, java.lang.Object, java.lang.Object, java.lang.Object, java.lang.Object)'> (0x000000008f140b98) thrown at [./src/hotspot/share/interpreter/linkResolver.cpp, line 773]
Event: 7.586 Thread 0x000001f3b58ee000 Exception <a 'java/lang/NoSuchMethodError'{0x000000008fdee6f0}: 'java.lang.Object java.lang.invoke.DirectMethodHandle$Holder.invokeVirtual(java.lang.Object, java.lang.Object, java.lang.Object, java.lang.Object)'> (0x000000008fdee6f0) thrown at [./src/hotspot/share/interpreter/linkResolver.cpp, line 773]
Event: 8.042 Thread 0x000001f3b58ee000 Exception <a 'java/lang/NoSuchMethodError'{0x000000008f6b39a0}: 'void java.lang.invoke.DirectMethodHandle$Holder.invokeSpecial(java.lang.Object, java.lang.Object, java.lang.Object, java.lang.Object, java.lang.Object, java.lang.Object)'> (0x000000008f6b39a0) thrown at [./src/hotspot/share/interpreter/linkResolver.cpp, line 773]
Event: 8.138 Thread 0x000001f3b58ee000 Exception <a 'java/lang/NoSuchMethodError'{0x000000008f5224d0}: 'void java.lang.invoke.DirectMethodHandle$Holder.invokeSpecial(java.lang.Object, java.lang.Object, java.lang.Object, java.lang.Object, java.lang.Object, java.lang.Object, java.lang.Object)'> (0x000000008f5224d0) thrown at [./src/hotspot/share/interpreter/linkResolver.cpp, line 773]
Event: 8.141 Thread 0x000001f3b58ee000 Exception <a 'java/lang/NoSuchMethodError'{0x000000008f52a9c0}: 'java.lang.Object java.lang.invoke.Invokers$Holder.linkToTargetMethod(java.lang.Object, java.lang.Object, java.lang.Object, java.lang.Object, java.lang.Object, java.lang.Object)'> (0x000000008f52a9c0) thrown at [./src/hotspot/share/interpreter/linkResolver.cpp, line 773]
Event: 8.406 Thread 0x000001f3b58ee000 Exception <a 'java/lang/NoSuchMethodError'{0x000000008ecaaca0}: 'int java.lang.invoke.DirectMethodHandle$Holder.invokeStaticInit(java.lang.Object, java.lang.Object, java.lang.Object)'> (0x000000008ecaaca0) thrown at [./src/hotspot/share/interpreter/linkResolver.cpp, line 773]
Event: 8.634 Thread 0x000001f3b58ee000 Exception <a 'java/lang/NoSuchMethodError'{0x000000008e5db608}: 'void java.lang.invoke.DirectMethodHandle$Holder.invokeStaticInit(java.lang.Object, java.lang.Object)'> (0x000000008e5db608) thrown at [./src/hotspot/share/interpreter/linkResolver.cpp, line 773]

Events (20 events):
Event: 8.768 loading class org/gradle/internal/graph/CachingDirectedGraphWalker
Event: 8.768 loading class org/gradle/internal/graph/CachingDirectedGraphWalker done
Event: 8.772 loading class org/gradle/internal/graph/DirectedGraphWithEdgeValues
Event: 8.772 loading class org/gradle/internal/graph/DirectedGraphWithEdgeValues done
Event: 8.772 loading class org/gradle/api/internal/tasks/CachingTaskDependencyResolveContext$TaskGraphImpl
Event: 8.772 loading class org/gradle/api/internal/tasks/CachingTaskDependencyResolveContext$TaskGraphImpl done
Event: 8.774 loading class org/gradle/internal/graph/CachingDirectedGraphWalker$GraphWithEmptyEdges
Event: 8.774 loading class org/gradle/internal/graph/CachingDirectedGraphWalker$GraphWithEmptyEdges done
Event: 8.775 loading class org/gradle/execution/plan/DefaultExecutionPlan
Event: 8.775 loading class org/gradle/execution/plan/DefaultExecutionPlan done
Event: 8.778 loading class org/gradle/api/CircularReferenceException
Event: 8.778 loading class org/gradle/api/CircularReferenceException done
Event: 8.781 loading class org/gradle/execution/plan/DefaultNodeValidator
Event: 8.781 loading class org/gradle/execution/plan/DefaultNodeValidator done
Event: 8.782 loading class org/gradle/execution/plan/DefaultExecutionPlan$NodeMapping
Event: 8.782 loading class org/gradle/execution/plan/DefaultExecutionPlan$NodeMapping done
Event: 8.783 loading class org/gradle/execution/plan/FailureCollector
Event: 8.783 loading class org/gradle/execution/plan/FailureCollector done
Event: 8.784 loading class org/gradle/api/specs/Specs
Event: 8.784 loading class org/gradle/api/specs/Specs done


Dynamic libraries:
0x00007ff6e8070000 - 0x00007ff6e807a000 	C:\Program Files\Android\Android Studio\jre\bin\java.exe
0x00007ff94df70000 - 0x00007ff94e168000 	C:\WINDOWS\SYSTEM32\ntdll.dll
0x00007ff94d5b0000 - 0x00007ff94d66f000 	C:\WINDOWS\System32\KERNEL32.DLL
0x00007ff94b320000 - 0x00007ff94b5f2000 	C:\WINDOWS\System32\KERNELBASE.dll
0x00007ff94ac70000 - 0x00007ff94ad70000 	C:\WINDOWS\System32\ucrtbase.dll
0x00007ff9311e0000 - 0x00007ff9311f9000 	C:\Program Files\Android\Android Studio\jre\bin\jli.dll
0x00007ff9311c0000 - 0x00007ff9311d7000 	C:\Program Files\Android\Android Studio\jre\bin\VCRUNTIME140.dll
0x00007ff94d870000 - 0x00007ff94da11000 	C:\WINDOWS\System32\USER32.dll
0x00007ff94b190000 - 0x00007ff94b1b2000 	C:\WINDOWS\System32\win32u.dll
0x00007ff9386d0000 - 0x00007ff93896a000 	C:\WINDOWS\WinSxS\amd64_microsoft.windows.common-controls_6595b64144ccf1df_6.0.19041.1110_none_60b5254171f9507e\COMCTL32.dll
0x00007ff94df00000 - 0x00007ff94df2b000 	C:\WINDOWS\System32\GDI32.dll
0x00007ff94ad70000 - 0x00007ff94ae7f000 	C:\WINDOWS\System32\gdi32full.dll
0x00007ff94b090000 - 0x00007ff94b12d000 	C:\WINDOWS\System32\msvcp_win.dll
0x00007ff94cc50000 - 0x00007ff94ccee000 	C:\WINDOWS\System32\msvcrt.dll
0x00007ff94c380000 - 0x00007ff94c3b2000 	C:\WINDOWS\System32\IMM32.DLL
0x00007ff931120000 - 0x00007ff9311bd000 	C:\Program Files\Android\Android Studio\jre\bin\msvcp140.dll
0x00007ff916500000 - 0x00007ff916fe5000 	C:\Program Files\Android\Android Studio\jre\bin\server\jvm.dll
0x00007ff94ba70000 - 0x00007ff94bb1e000 	C:\WINDOWS\System32\ADVAPI32.dll
0x00007ff94c1b0000 - 0x00007ff94c24c000 	C:\WINDOWS\System32\sechost.dll
0x00007ff94c3d0000 - 0x00007ff94c4f5000 	C:\WINDOWS\System32\RPCRT4.dll
0x00007ff94d670000 - 0x00007ff94d678000 	C:\WINDOWS\System32\PSAPI.DLL
0x00007ff938000000 - 0x00007ff938009000 	C:\WINDOWS\SYSTEM32\WSOCK32.dll
0x00007ff944290000 - 0x00007ff9442b7000 	C:\WINDOWS\SYSTEM32\WINMM.dll
0x00007ff94b690000 - 0x00007ff94b6fb000 	C:\WINDOWS\System32\WS2_32.dll
0x00007ff9442c0000 - 0x00007ff9442ca000 	C:\WINDOWS\SYSTEM32\VERSION.dll
0x00007ff948b40000 - 0x00007ff948b52000 	C:\WINDOWS\SYSTEM32\kernel.appcore.dll
0x00007ff946460000 - 0x00007ff946471000 	C:\Program Files\Android\Android Studio\jre\bin\verify.dll
0x00007ff93bf10000 - 0x00007ff93c0f4000 	C:\WINDOWS\SYSTEM32\DBGHELP.DLL
0x00007ff93be90000 - 0x00007ff93bec5000 	C:\WINDOWS\SYSTEM32\dbgcore.DLL
0x00007ff94af50000 - 0x00007ff94afd2000 	C:\WINDOWS\System32\bcryptPrimitives.dll
0x00007ff941670000 - 0x00007ff941699000 	C:\Program Files\Android\Android Studio\jre\bin\java.dll
0x00007ff946c00000 - 0x00007ff946c0b000 	C:\Program Files\Android\Android Studio\jre\bin\jimage.dll
0x00007ff93f470000 - 0x00007ff93f488000 	C:\Program Files\Android\Android Studio\jre\bin\zip.dll
0x00007ff94c500000 - 0x00007ff94cc45000 	C:\WINDOWS\System32\SHELL32.dll
0x00007ff948d40000 - 0x00007ff9494d2000 	C:\WINDOWS\SYSTEM32\windows.storage.dll
0x00007ff94bdf0000 - 0x00007ff94c145000 	C:\WINDOWS\System32\combase.dll
0x00007ff94a6d0000 - 0x00007ff94a700000 	C:\WINDOWS\SYSTEM32\Wldp.dll
0x00007ff94d7c0000 - 0x00007ff94d86d000 	C:\WINDOWS\System32\SHCORE.dll
0x00007ff94d480000 - 0x00007ff94d4d5000 	C:\WINDOWS\System32\shlwapi.dll
0x00007ff94abb0000 - 0x00007ff94abcf000 	C:\WINDOWS\SYSTEM32\profapi.dll
0x00007ff93f320000 - 0x00007ff93f33a000 	C:\Program Files\Android\Android Studio\jre\bin\net.dll
0x00007ff93c220000 - 0x00007ff93c32c000 	C:\WINDOWS\SYSTEM32\WINHTTP.dll
0x00007ff94a430000 - 0x00007ff94a49a000 	C:\WINDOWS\system32\mswsock.dll
0x00007ff93f300000 - 0x00007ff93f314000 	C:\Program Files\Android\Android Studio\jre\bin\nio.dll
0x00007ff93bb00000 - 0x00007ff93bb27000 	C:\Users\Admin\.gradle\native\e1d6ef7f7dcc3fd88c89a11ec53ec762bb8ba0a96d01ffa2cd45eb1d1d8dd5c5\windows-amd64\native-platform.dll
0x00007ff918810000 - 0x00007ff918954000 	C:\Users\Admin\.gradle\native\5664cfc778a61ccfe75a443a1ab52a65af34e5dc3c78e0209fed803814484fcb\windows-amd64\native-platform-file-events.dll
0x00007ff946ba0000 - 0x00007ff946baa000 	C:\Program Files\Android\Android Studio\jre\bin\management.dll
0x00007ff946570000 - 0x00007ff94657d000 	C:\Program Files\Android\Android Studio\jre\bin\management_ext.dll
0x00007ff94a620000 - 0x00007ff94a638000 	C:\WINDOWS\SYSTEM32\CRYPTSP.dll
0x00007ff949cf0000 - 0x00007ff949d24000 	C:\WINDOWS\system32\rsaenh.dll
0x00007ff94aeb0000 - 0x00007ff94aed7000 	C:\WINDOWS\System32\bcrypt.dll
0x00007ff94ab30000 - 0x00007ff94ab5e000 	C:\WINDOWS\SYSTEM32\USERENV.dll
0x00007ff94a640000 - 0x00007ff94a64c000 	C:\WINDOWS\SYSTEM32\CRYPTBASE.dll
0x00007ff94a0e0000 - 0x00007ff94a11b000 	C:\WINDOWS\SYSTEM32\IPHLPAPI.DLL
0x00007ff94ccf0000 - 0x00007ff94ccf8000 	C:\WINDOWS\System32\NSI.dll
0x00007ff93d670000 - 0x00007ff93d687000 	C:\WINDOWS\SYSTEM32\dhcpcsvc6.DLL
0x00007ff93d650000 - 0x00007ff93d66d000 	C:\WINDOWS\SYSTEM32\dhcpcsvc.DLL
0x00007ff94a120000 - 0x00007ff94a1eb000 	C:\WINDOWS\SYSTEM32\DNSAPI.dll

dbghelp: loaded successfully - version: 4.0.5 - missing functions: none
symbol engine: initialized successfully - sym options: 0x614 - pdb path: .;C:\Program Files\Android\Android Studio\jre\bin;C:\WINDOWS\SYSTEM32;C:\WINDOWS\WinSxS\amd64_microsoft.windows.common-controls_6595b64144ccf1df_6.0.19041.1110_none_60b5254171f9507e;C:\Program Files\Android\Android Studio\jre\bin\server;C:\Users\Admin\.gradle\native\e1d6ef7f7dcc3fd88c89a11ec53ec762bb8ba0a96d01ffa2cd45eb1d1d8dd5c5\windows-amd64;C:\Users\Admin\.gradle\native\5664cfc778a61ccfe75a443a1ab52a65af34e5dc3c78e0209fed803814484fcb\windows-amd64

VM Arguments:
jvm_args: --add-opens=java.base/java.util=ALL-UNNAMED --add-opens=java.base/java.lang=ALL-UNNAMED --add-opens=java.base/java.lang.invoke=ALL-UNNAMED --add-opens=java.base/java.util=ALL-UNNAMED --add-opens=java.prefs/java.util.prefs=ALL-UNNAMED --add-opens=java.prefs/java.util.prefs=ALL-UNNAMED --add-opens=java.base/java.nio.charset=ALL-UNNAMED --add-opens=java.base/java.net=ALL-UNNAMED --add-opens=java.base/java.util.concurrent.atomic=ALL-UNNAMED -Xmx2048m -Dfile.encoding=UTF-8 -Duser.country=RU -Duser.language=ru -Duser.variant 
java_command: org.gradle.launcher.daemon.bootstrap.GradleDaemon 7.3.3
java_class_path (initial): C:\Users\Admin\.gradle\wrapper\dists\gradle-7.3.3-bin\6a41zxkdtcxs8rphpq6y0069z\gradle-7.3.3\lib\gradle-launcher-7.3.3.jar
Launcher Type: SUN_STANDARD

[Global flags]
     intx CICompilerCount                          = 4                                         {product} {ergonomic}
     uint ConcGCThreads                            = 2                                         {product} {ergonomic}
     uint G1ConcRefinementThreads                  = 8                                         {product} {ergonomic}
   size_t G1HeapRegionSize                         = 1048576                                   {product} {ergonomic}
    uintx GCDrainStackTargetSize                   = 64                                        {product} {ergonomic}
   size_t InitialHeapSize                          = 268435456                                 {product} {ergonomic}
   size_t MarkStackSize                            = 4194304                                   {product} {ergonomic}
   size_t MaxHeapSize                              = 2147483648                                {product} {command line}
   size_t MaxNewSize                               = 1287651328                                {product} {ergonomic}
   size_t MinHeapDeltaBytes                        = 1048576                                   {product} {ergonomic}
    uintx NonNMethodCodeHeapSize                   = 5836300                                {pd product} {ergonomic}
    uintx NonProfiledCodeHeapSize                  = 122910970                              {pd product} {ergonomic}
    uintx ProfiledCodeHeapSize                     = 122910970                              {pd product} {ergonomic}
    uintx ReservedCodeCacheSize                    = 251658240                              {pd product} {ergonomic}
     bool SegmentedCodeCache                       = true                                      {product} {ergonomic}
     bool UseCompressedClassPointers               = true                                 {lp64_product} {ergonomic}
     bool UseCompressedOops                        = true                                 {lp64_product} {ergonomic}
     bool UseG1GC                                  = true                                      {product} {ergonomic}
     bool UseLargePagesIndividualAllocation        = false                                  {pd product} {ergonomic}

Logging:
Log output configuration:
 #0: stdout all=warning uptime,level,tags
 #1: stderr all=off uptime,level,tags

Environment Variables:
PATH=C:\Program Files (x86)\Common Files\Intel\Shared Libraries\redist\intel64\compiler;C:\Program Files\Broadcom\Broadcom 802.11;c:\Program Files (x86)\AMD APP\bin\x86_64;c:\Program Files (x86)\AMD APP\bin\x86;C:\WINDOWS\system32;C:\WINDOWS;C:\WINDOWS\System32\Wbem;C:\WINDOWS\System32\WindowsPowerShell\v1.0\;C:\Program Files\WIDCOMM\Bluetooth Software\;C:\Program Files\WIDCOMM\Bluetooth Software\syswow64;C:\Program Files (x86)\ATI Technologies\ATI.ACE\Core-Static;C:\Program Files (x86)\AMD\ATI.ACE\Core-Static;C:\Program Files (x86)\Skype\Phone\;C:\Program Files (x86)\Common Files\Acronis\SnapAPI\;C:\Program Files (x86)\QuickTime\QTSystem\;C:\WINDOWS\System32\OpenSSH\;C:\Program Files\Git\cmd;C:\Program Files (x86)\NoteBook FanControl\;C:\Program Files\dotnet\;C:\Users\Admin\AppData\Local\Microsoft\WindowsApps;C:\Users\Admin\AppData\Local\GitHubDesktop\bin
USERNAME=Admin
OS=Windows_NT
PROCESSOR_IDENTIFIER=Intel64 Family 6 Model 42 Stepping 7, GenuineIntel



---------------  S Y S T E M  ---------------

OS: Windows 10 , 64 bit Build 19041 (10.0.19041.2546)
OS uptime: 5 days 3:37 hours

CPU:total 8 (initial active 8) (4 cores per cpu, 2 threads per core) family 6 model 42 stepping 7 microcode 0x2f, cmov, cx8, fxsr, mmx, sse, sse2, sse3, ssse3, sse4.1, sse4.2, popcnt, avx, aes, clmul, ht, tsc, tscinvbit

Memory: 4k page, system-wide physical 16331M (3396M free)
TotalPageFile size 17355M (AvailPageFile size 5M)
current process WorkingSet (physical memory assigned to process): 247M, peak: 247M
current process commit charge ("private bytes"): 419M, peak: 421M

vm_info: OpenJDK 64-Bit Server VM (11.0.12+7-b1504.28-7817840) for windows-amd64 JRE (11.0.12+7-b1504.28-7817840), built on Oct 13 2021 22:12:33 by "builder" with MS VC++ 14.0 (VS2015)

END.
